<?xml version="1.0" encoding="UTF-8"?>
<!-- Generated by org.testng.reporters.JUnitReportReporter -->
<testsuite hostname="R01-CE62302732" failures="0" tests="1" name="UnDoTres" time="47.872" errors="0" timestamp="2020-07-20T16:52:09 IST" skipped="0">
  <testcase classname="UnDoTres" name="recharge" time="47.872"/>
  <system-out/>
</testsuite> <!-- UnDoTres -->
